# JRE version: OpenJDK Runtime Environment (8.0) (build 1.8.0-25-microsoft-b00)
# Java VM: OpenJDK 64-Bit Server VM (25.71-b00 mixed mode windows-amd64 compressed oops)
Heap:
 PSYoungGen      total 71680K, used 64584K [0x00000000eab00000, 0x00000000f0580000, 0x0000000100000000)
  eden space 66560K, 91% used [0x00000000eab00000,0x00000000ee6b2250,0x00000000eec00000)
  from space 5120K, 67% used [0x00000000eec00000,0x00000000eef60000,0x00000000ef100000)
  to   space 8704K, 0% used [0x00000000efd00000,0x00000000efd00000,0x00000000f0580000)
 ParOldGen       total 101888K, used 56311K [0x00000000c0000000, 0x00000000c6380000, 0x00000000eab00000)
  object space 101888K, 55% used [0x00000000c0000000,0x00000000c36fdd68,0x00000000c6380000)
 Metaspace       used 15183K, capacity 15884K, committed 16128K, reserved 1062912K
  class space    used 1780K, capacity 1964K, committed 2048K, reserved 1048576K
GC Heap History (10 events):
Event: 10.487 GC heap before
{Heap before GC invocations=36 (full 1):
 PSYoungGen      total 71680K, used 70912K [0x00000000eab00000, 0x00000000ef600000, 0x0000000100000000)
  eden space 66560K, 100% used [0x00000000eab00000,0x00000000eec00000,0x00000000eec00000)
  from space 5120K, 85% used [0x00000000ef100000,0x00000000ef540000,0x00000000ef600000)
  to   space 5120K, 0% used [0x00000000eec00000,0x00000000eec00000,0x00000000ef100000)
 ParOldGen       total 101888K, used 49644K [0x00000000c0000000, 0x00000000c6380000, 0x00000000eab00000)
  object space 101888K, 48% used [0x00000000c0000000,0x00000000c307b248,0x00000000c6380000)
 Metaspace       used 15175K, capacity 15884K, committed 16128K, reserved 1062912K
  class space    used 1780K, capacity 1964K, committed 2048K, reserved 1048576K
Event: 10.496 GC heap after
Heap after GC invocations=36 (full 1):
 PSYoungGen      total 71680K, used 4192K [0x00000000eab00000, 0x00000000ef600000, 0x0000000100000000)
  eden space 66560K, 0% used [0x00000000eab00000,0x00000000eab00000,0x00000000eec00000)
  from space 5120K, 81% used [0x00000000eec00000,0x00000000ef018000,0x00000000ef100000)
  to   space 5120K, 0% used [0x00000000ef100000,0x00000000ef100000,0x00000000ef600000)
 ParOldGen       total 101888K, used 51108K [0x00000000c0000000, 0x00000000c6380000, 0x00000000eab00000)
  object space 101888K, 50% used [0x00000000c0000000,0x00000000c31e9248,0x00000000c6380000)
 Metaspace       used 15175K, capacity 15884K, committed 16128K, reserved 1062912K
  class space    used 1780K, capacity 1964K, committed 2048K, reserved 1048576K
}
Event: 10.750 GC heap before
{Heap before GC invocations=37 (full 1):
 PSYoungGen      total 71680K, used 70752K [0x00000000eab00000, 0x00000000ef600000, 0x0000000100000000)
  eden space 66560K, 100% used [0x00000000eab00000,0x00000000eec00000,0x00000000eec00000)
  from space 5120K, 81% used [0x00000000eec00000,0x00000000ef018000,0x00000000ef100000)
  to   space 5120K, 0% used [0x00000000ef100000,0x00000000ef100000,0x00000000ef600000)
 ParOldGen       total 101888K, used 51108K [0x00000000c0000000, 0x00000000c6380000, 0x00000000eab00000)
  object space 101888K, 50% used [0x00000000c0000000,0x00000000c31e9248,0x00000000c6380000)
 Metaspace       used 15175K, capacity 15884K, committed 16128K, reserved 1062912K
  class space    used 1780K, capacity 1964K, committed 2048K, reserved 1048576K
Event: 10.762 GC heap after
Heap after GC invocations=37 (full 1):
 PSYoungGen      total 71680K, used 4928K [0x00000000eab00000, 0x00000000ef600000, 0x0000000100000000)
  eden space 66560K, 0% used [0x00000000eab00000,0x00000000eab00000,0x00000000eec00000)
  from space 5120K, 96% used [0x00000000ef100000,0x00000000ef5d0000,0x00000000ef600000)
  to   space 5120K, 0% used [0x00000000eec00000,0x00000000eec00000,0x00000000ef100000)
 ParOldGen       total 101888K, used 52444K [0x00000000c0000000, 0x00000000c6380000, 0x00000000eab00000)
  object space 101888K, 51% used [0x00000000c0000000,0x00000000c3337248,0x00000000c6380000)
 Metaspace       used 15175K, capacity 15884K, committed 16128K, reserved 1062912K
  class space    used 1780K, capacity 1964K, committed 2048K, reserved 1048576K
}
Event: 10.979 GC heap before
{Heap before GC invocations=38 (full 1):
 PSYoungGen      total 71680K, used 71488K [0x00000000eab00000, 0x00000000ef600000, 0x0000000100000000)
  eden space 66560K, 100% used [0x00000000eab00000,0x00000000eec00000,0x00000000eec00000)
  from space 5120K, 96% used [0x00000000ef100000,0x00000000ef5d0000,0x00000000ef600000)
  to   space 5120K, 0% used [0x00000000eec00000,0x00000000eec00000,0x00000000ef100000)
 ParOldGen       total 101888K, used 52444K [0x00000000c0000000, 0x00000000c6380000, 0x00000000eab00000)
  object space 101888K, 51% used [0x00000000c0000000,0x00000000c3337248,0x00000000c6380000)
 Metaspace       used 15177K, capacity 15884K, committed 16128K, reserved 1062912K
  class space    used 1780K, capacity 1964K, committed 2048K, reserved 1048576K
Event: 10.988 GC heap after
Heap after GC invocations=38 (full 1):
 PSYoungGen      total 71680K, used 3552K [0x00000000eab00000, 0x00000000ef600000, 0x0000000100000000)
  eden space 66560K, 0% used [0x00000000eab00000,0x00000000eab00000,0x00000000eec00000)
  from space 5120K, 69% used [0x00000000eec00000,0x00000000eef78000,0x00000000ef100000)
  to   space 5120K, 0% used [0x00000000ef100000,0x00000000ef100000,0x00000000ef600000)
 ParOldGen       total 101888K, used 53988K [0x00000000c0000000, 0x00000000c6380000, 0x00000000eab00000)
  object space 101888K, 52% used [0x00000000c0000000,0x00000000c34b9248,0x00000000c6380000)
 Metaspace       used 15177K, capacity 15884K, committed 16128K, reserved 1062912K
  class space    used 1780K, capacity 1964K, committed 2048K, reserved 1048576K
}
Event: 11.204 GC heap before
{Heap before GC invocations=39 (full 1):
 PSYoungGen      total 71680K, used 70112K [0x00000000eab00000, 0x00000000ef600000, 0x0000000100000000)
  eden space 66560K, 100% used [0x00000000eab00000,0x00000000eec00000,0x00000000eec00000)
  from space 5120K, 69% used [0x00000000eec00000,0x00000000eef78000,0x00000000ef100000)
  to   space 5120K, 0% used [0x00000000ef100000,0x00000000ef100000,0x00000000ef600000)
 ParOldGen       total 101888K, used 53988K [0x00000000c0000000, 0x00000000c6380000, 0x00000000eab00000)
  object space 101888K, 52% used [0x00000000c0000000,0x00000000c34b9248,0x00000000c6380000)
 Metaspace       used 15180K, capacity 15884K, committed 16128K, reserved 1062912K
  class space    used 1780K, capacity 1964K, committed 2048K, reserved 1048576K
Event: 11.213 GC heap after
Heap after GC invocations=39 (full 1):
 PSYoungGen      total 71680K, used 3584K [0x00000000eab00000, 0x00000000ef600000, 0x0000000100000000)
  eden space 66560K, 0% used [0x00000000eab00000,0x00000000eab00000,0x00000000eec00000)
  from space 5120K, 70% used [0x00000000ef100000,0x00000000ef480000,0x00000000ef600000)
  to   space 5120K, 0% used [0x00000000eec00000,0x00000000eec00000,0x00000000ef100000)
 ParOldGen       total 101888K, used 55252K [0x00000000c0000000, 0x00000000c6380000, 0x00000000eab00000)
  object space 101888K, 54% used [0x00000000c0000000,0x00000000c35f5248,0x00000000c6380000)
 Metaspace       used 15180K, capacity 15884K, committed 16128K, reserved 1062912K
  class space    used 1780K, capacity 1964K, committed 2048K, reserved 1048576K
}
Event: 11.401 GC heap before
{Heap before GC invocations=40 (full 1):
 PSYoungGen      total 71680K, used 70144K [0x00000000eab00000, 0x00000000ef600000, 0x0000000100000000)
  eden space 66560K, 100% used [0x00000000eab00000,0x00000000eec00000,0x00000000eec00000)
  from space 5120K, 70% used [0x00000000ef100000,0x00000000ef480000,0x00000000ef600000)
  to   space 5120K, 0% used [0x00000000eec00000,0x00000000eec00000,0x00000000ef100000)
 ParOldGen       total 101888K, used 55252K [0x00000000c0000000, 0x00000000c6380000, 0x00000000eab00000)
  object space 101888K, 54% used [0x00000000c0000000,0x00000000c35f5248,0x00000000c6380000)
 Metaspace       used 15181K, capacity 15884K, committed 16128K, reserved 1062912K
  class space    used 1780K, capacity 1964K, committed 2048K, reserved 1048576K
Event: 11.409 GC heap after
Heap after GC invocations=40 (full 1):
 PSYoungGen      total 71680K, used 3456K [0x00000000eab00000, 0x00000000f0580000, 0x0000000100000000)
  eden space 66560K, 0% used [0x00000000eab00000,0x00000000eab00000,0x00000000eec00000)
  from space 5120K, 67% used [0x00000000eec00000,0x00000000eef60000,0x00000000ef100000)
  to   space 8704K, 0% used [0x00000000efd00000,0x00000000efd00000,0x00000000f0580000)
 ParOldGen       total 101888K, used 56311K [0x00000000c0000000, 0x00000000c6380000, 0x00000000eab00000)
  object space 101888K, 55% used [0x00000000c0000000,0x00000000c36fdd68,0x00000000c6380000)
 Metaspace       used 15181K, capacity 15884K, committed 16128K, reserved 1062912K
  class space    used 1780K, capacity 1964K, committed 2048K, reserved 1048576K
}

