# JRE version: OpenJDK Runtime Environment (8.0) (build 1.8.0-25-microsoft-b00)
# Java VM: OpenJDK 64-Bit Server VM (25.71-b00 mixed mode windows-amd64 compressed oops)
Heap:
 PSYoungGen      total 35328K, used 25607K [0x00000000d5f00000, 0x00000000d9180000, 0x0000000100000000)
  eden space 26624K, 69% used [0x00000000d5f00000,0x00000000d7117b40,0x00000000d7900000)
  from space 8704K, 81% used [0x00000000d8500000,0x00000000d8bea0f8,0x00000000d8d80000)
  to   space 12288K, 0% used [0x00000000d7900000,0x00000000d7900000,0x00000000d8500000)
 ParOldGen       total 29184K, used 17445K [0x0000000081c00000, 0x0000000083880000, 0x00000000d5f00000)
  object space 29184K, 59% used [0x0000000081c00000,0x0000000082d09428,0x0000000083880000)
 Metaspace       used 9369K, capacity 9822K, committed 10112K, reserved 1058816K
  class space    used 1004K, capacity 1042K, committed 1152K, reserved 1048576K
GC Heap History (10 events):
Event: 5.038 GC heap before
{Heap before GC invocations=9 (full 1):
 PSYoungGen      total 14848K, used 14834K [0x00000000d5f00000, 0x00000000d8000000, 0x0000000100000000)
  eden space 11776K, 100% used [0x00000000d5f00000,0x00000000d6a80000,0x00000000d6a80000)
  from space 3072K, 99% used [0x00000000d6a80000,0x00000000d6d7c9b0,0x00000000d6d80000)
  to   space 5120K, 0% used [0x00000000d7b00000,0x00000000d7b00000,0x00000000d8000000)
 ParOldGen       total 10240K, used 5283K [0x0000000081c00000, 0x0000000082600000, 0x00000000d5f00000)
  object space 10240K, 51% used [0x0000000081c00000,0x0000000082128e60,0x0000000082600000)
 Metaspace       used 7387K, capacity 8244K, committed 8320K, reserved 1056768K
  class space    used 859K, capacity 880K, committed 896K, reserved 1048576K
Event: 5.043 GC heap after
Heap after GC invocations=9 (full 1):
 PSYoungGen      total 25088K, used 3940K [0x00000000d5f00000, 0x00000000d7f00000, 0x0000000100000000)
  eden space 20992K, 0% used [0x00000000d5f00000,0x00000000d5f00000,0x00000000d7380000)
  from space 4096K, 96% used [0x00000000d7b00000,0x00000000d7ed9238,0x00000000d7f00000)
  to   space 5632K, 0% used [0x00000000d7400000,0x00000000d7400000,0x00000000d7980000)
 ParOldGen       total 10240K, used 5435K [0x0000000081c00000, 0x0000000082600000, 0x00000000d5f00000)
  object space 10240K, 53% used [0x0000000081c00000,0x000000008214ee60,0x0000000082600000)
 Metaspace       used 7387K, capacity 8244K, committed 8320K, reserved 1056768K
  class space    used 859K, capacity 880K, committed 896K, reserved 1048576K
}
Event: 6.733 GC heap before
{Heap before GC invocations=10 (full 1):
 PSYoungGen      total 25088K, used 24932K [0x00000000d5f00000, 0x00000000d7f00000, 0x0000000100000000)
  eden space 20992K, 100% used [0x00000000d5f00000,0x00000000d7380000,0x00000000d7380000)
  from space 4096K, 96% used [0x00000000d7b00000,0x00000000d7ed9238,0x00000000d7f00000)
  to   space 5632K, 0% used [0x00000000d7400000,0x00000000d7400000,0x00000000d7980000)
 ParOldGen       total 10240K, used 5435K [0x0000000081c00000, 0x0000000082600000, 0x00000000d5f00000)
  object space 10240K, 53% used [0x0000000081c00000,0x000000008214ee60,0x0000000082600000)
 Metaspace       used 7809K, capacity 8596K, committed 8960K, reserved 1056768K
  class space    used 882K, capacity 912K, committed 1024K, reserved 1048576K
Event: 6.744 GC heap after
Heap after GC invocations=10 (full 1):
 PSYoungGen      total 27136K, used 5615K [0x00000000d5f00000, 0x00000000d8d80000, 0x0000000100000000)
  eden space 21504K, 0% used [0x00000000d5f00000,0x00000000d5f00000,0x00000000d7400000)
  from space 5632K, 99% used [0x00000000d7400000,0x00000000d797bd88,0x00000000d7980000)
  to   space 8704K, 0% used [0x00000000d8500000,0x00000000d8500000,0x00000000d8d80000)
 ParOldGen       total 10752K, used 10294K [0x0000000081c00000, 0x0000000082680000, 0x00000000d5f00000)
  object space 10752K, 95% used [0x0000000081c00000,0x000000008260d958,0x0000000082680000)
 Metaspace       used 7809K, capacity 8596K, committed 8960K, reserved 1056768K
  class space    used 882K, capacity 912K, committed 1024K, reserved 1048576K
}
Event: 6.744 GC heap before
{Heap before GC invocations=11 (full 2):
 PSYoungGen      total 27136K, used 5615K [0x00000000d5f00000, 0x00000000d8d80000, 0x0000000100000000)
  eden space 21504K, 0% used [0x00000000d5f00000,0x00000000d5f00000,0x00000000d7400000)
  from space 5632K, 99% used [0x00000000d7400000,0x00000000d797bd88,0x00000000d7980000)
  to   space 8704K, 0% used [0x00000000d8500000,0x00000000d8500000,0x00000000d8d80000)
 ParOldGen       total 10752K, used 10294K [0x0000000081c00000, 0x0000000082680000, 0x00000000d5f00000)
  object space 10752K, 95% used [0x0000000081c00000,0x000000008260d958,0x0000000082680000)
 Metaspace       used 7809K, capacity 8596K, committed 8960K, reserved 1056768K
  class space    used 882K, capacity 912K, committed 1024K, reserved 1048576K
Event: 6.892 GC heap after
Heap after GC invocations=11 (full 2):
 PSYoungGen      total 27136K, used 4995K [0x00000000d5f00000, 0x00000000d8d80000, 0x0000000100000000)
  eden space 21504K, 0% used [0x00000000d5f00000,0x00000000d5f00000,0x00000000d7400000)
  from space 5632K, 88% used [0x00000000d7400000,0x00000000d78e0fd0,0x00000000d7980000)
  to   space 8704K, 0% used [0x00000000d8500000,0x00000000d8500000,0x00000000d8d80000)
 ParOldGen       total 17920K, used 10286K [0x0000000081c00000, 0x0000000082d80000, 0x00000000d5f00000)
  object space 17920K, 57% used [0x0000000081c00000,0x000000008260bb60,0x0000000082d80000)
 Metaspace       used 7809K, capacity 8596K, committed 8960K, reserved 1056768K
  class space    used 882K, capacity 912K, committed 1024K, reserved 1048576K
}
Event: 7.259 GC heap before
{Heap before GC invocations=12 (full 2):
 PSYoungGen      total 27136K, used 26499K [0x00000000d5f00000, 0x00000000d8d80000, 0x0000000100000000)
  eden space 21504K, 100% used [0x00000000d5f00000,0x00000000d7400000,0x00000000d7400000)
  from space 5632K, 88% used [0x00000000d7400000,0x00000000d78e0fd0,0x00000000d7980000)
  to   space 8704K, 0% used [0x00000000d8500000,0x00000000d8500000,0x00000000d8d80000)
 ParOldGen       total 17920K, used 10286K [0x0000000081c00000, 0x0000000082d80000, 0x00000000d5f00000)
  object space 17920K, 57% used [0x0000000081c00000,0x000000008260bb60,0x0000000082d80000)
 Metaspace       used 8065K, capacity 8852K, committed 9216K, reserved 1056768K
  class space    used 886K, capacity 912K, committed 1024K, reserved 1048576K
Event: 7.274 GC heap after
Heap after GC invocations=12 (full 2):
 PSYoungGen      total 35328K, used 8689K [0x00000000d5f00000, 0x00000000d9180000, 0x0000000100000000)
  eden space 26624K, 0% used [0x00000000d5f00000,0x00000000d5f00000,0x00000000d7900000)
  from space 8704K, 99% used [0x00000000d8500000,0x00000000d8d7c6d8,0x00000000d8d80000)
  to   space 12288K, 0% used [0x00000000d7900000,0x00000000d7900000,0x00000000d8500000)
 ParOldGen       total 17920K, used 16417K [0x0000000081c00000, 0x0000000082d80000, 0x00000000d5f00000)
  object space 17920K, 91% used [0x0000000081c00000,0x0000000082c08688,0x0000000082d80000)
 Metaspace       used 8065K, capacity 8852K, committed 9216K, reserved 1056768K
  class space    used 886K, capacity 912K, committed 1024K, reserved 1048576K
}
Event: 7.274 GC heap before
{Heap before GC invocations=13 (full 3):
 PSYoungGen      total 35328K, used 8689K [0x00000000d5f00000, 0x00000000d9180000, 0x0000000100000000)
  eden space 26624K, 0% used [0x00000000d5f00000,0x00000000d5f00000,0x00000000d7900000)
  from space 8704K, 99% used [0x00000000d8500000,0x00000000d8d7c6d8,0x00000000d8d80000)
  to   space 12288K, 0% used [0x00000000d7900000,0x00000000d7900000,0x00000000d8500000)
 ParOldGen       total 17920K, used 16417K [0x0000000081c00000, 0x0000000082d80000, 0x00000000d5f00000)
  object space 17920K, 91% used [0x0000000081c00000,0x0000000082c08688,0x0000000082d80000)
 Metaspace       used 8065K, capacity 8852K, committed 9216K, reserved 1056768K
  class space    used 886K, capacity 912K, committed 1024K, reserved 1048576K
Event: 7.482 GC heap after
Heap after GC invocations=13 (full 3):
 PSYoungGen      total 35328K, used 7080K [0x00000000d5f00000, 0x00000000d9180000, 0x0000000100000000)
  eden space 26624K, 0% used [0x00000000d5f00000,0x00000000d5f00000,0x00000000d7900000)
  from space 8704K, 81% used [0x00000000d8500000,0x00000000d8bea0f8,0x00000000d8d80000)
  to   space 12288K, 0% used [0x00000000d7900000,0x00000000d7900000,0x00000000d8500000)
 ParOldGen       total 29184K, used 17445K [0x0000000081c00000, 0x0000000083880000, 0x00000000d5f00000)
  object space 29184K, 59% used [0x0000000081c00000,0x0000000082d09428,0x0000000083880000)
 Metaspace       used 8065K, capacity 8852K, committed 9216K, reserved 1056768K
  class space    used 886K, capacity 912K, committed 1024K, reserved 1048576K
}

