# JRE version: OpenJDK Runtime Environment (8.0) (build 1.8.0-25-microsoft-b00)
# Java VM: OpenJDK 64-Bit Server VM (25.71-b00 mixed mode windows-amd64 compressed oops)
Heap:
 PSYoungGen      total 71680K, used 15111K [0x00000000eab00000, 0x00000000f1580000, 0x0000000100000000)
  eden space 66560K, 15% used [0x00000000eab00000,0x00000000eb4c90f0,0x00000000eec00000)
  from space 5120K, 99% used [0x00000000eec00000,0x00000000ef0f8e48,0x00000000ef100000)
  to   space 15872K, 0% used [0x00000000f0600000,0x00000000f0600000,0x00000000f1580000)
 ParOldGen       total 102912K, used 37919K [0x00000000c0000000, 0x00000000c6480000, 0x00000000eab00000)
  object space 102912K, 36% used [0x00000000c0000000,0x00000000c2507d40,0x00000000c6480000)
 Metaspace       used 15101K, capacity 15734K, committed 15872K, reserved 1062912K
  class space    used 1776K, capacity 1961K, committed 2048K, reserved 1048576K
GC Heap History (10 events):
Event: 6.172 GC heap before
{Heap before GC invocations=20 (full 1):
 PSYoungGen      total 71680K, used 1700K [0x00000000eab00000, 0x00000000ef600000, 0x0000000100000000)
  eden space 66560K, 0% used [0x00000000eab00000,0x00000000eab00000,0x00000000eec00000)
  from space 5120K, 33% used [0x00000000eec00000,0x00000000eeda9120,0x00000000ef100000)
  to   space 5120K, 0% used [0x00000000ef100000,0x00000000ef100000,0x00000000ef600000)
 ParOldGen       total 87552K, used 74808K [0x00000000c0000000, 0x00000000c5580000, 0x00000000eab00000)
  object space 87552K, 85% used [0x00000000c0000000,0x00000000c490e330,0x00000000c5580000)
 Metaspace       used 15108K, capacity 15758K, committed 15872K, reserved 1062912K
  class space    used 1780K, capacity 1967K, committed 2048K, reserved 1048576K
Event: 6.448 GC heap after
Heap after GC invocations=20 (full 1):
 PSYoungGen      total 71680K, used 0K [0x00000000eab00000, 0x00000000ef600000, 0x0000000100000000)
  eden space 66560K, 0% used [0x00000000eab00000,0x00000000eab00000,0x00000000eec00000)
  from space 5120K, 0% used [0x00000000eec00000,0x00000000eec00000,0x00000000ef100000)
  to   space 5120K, 0% used [0x00000000ef100000,0x00000000ef100000,0x00000000ef600000)
 ParOldGen       total 102912K, used 37887K [0x00000000c0000000, 0x00000000c6480000, 0x00000000eab00000)
  object space 102912K, 36% used [0x00000000c0000000,0x00000000c24ffce0,0x00000000c6480000)
 Metaspace       used 15098K, capacity 15734K, committed 15872K, reserved 1062912K
  class space    used 1776K, capacity 1961K, committed 2048K, reserved 1048576K
}
Event: 6.683 GC heap before
{Heap before GC invocations=21 (full 1):
 PSYoungGen      total 71680K, used 66560K [0x00000000eab00000, 0x00000000ef600000, 0x0000000100000000)
  eden space 66560K, 100% used [0x00000000eab00000,0x00000000eec00000,0x00000000eec00000)
  from space 5120K, 0% used [0x00000000eec00000,0x00000000eec00000,0x00000000ef100000)
  to   space 5120K, 0% used [0x00000000ef100000,0x00000000ef100000,0x00000000ef600000)
 ParOldGen       total 102912K, used 37887K [0x00000000c0000000, 0x00000000c6480000, 0x00000000eab00000)
  object space 102912K, 36% used [0x00000000c0000000,0x00000000c24ffce0,0x00000000c6480000)
 Metaspace       used 15100K, capacity 15734K, committed 15872K, reserved 1062912K
  class space    used 1776K, capacity 1961K, committed 2048K, reserved 1048576K
Event: 6.687 GC heap after
Heap after GC invocations=21 (full 1):
 PSYoungGen      total 71680K, used 1184K [0x00000000eab00000, 0x00000000ef600000, 0x0000000100000000)
  eden space 66560K, 0% used [0x00000000eab00000,0x00000000eab00000,0x00000000eec00000)
  from space 5120K, 23% used [0x00000000ef100000,0x00000000ef228000,0x00000000ef600000)
  to   space 5120K, 0% used [0x00000000eec00000,0x00000000eec00000,0x00000000ef100000)
 ParOldGen       total 102912K, used 37887K [0x00000000c0000000, 0x00000000c6480000, 0x00000000eab00000)
  object space 102912K, 36% used [0x00000000c0000000,0x00000000c24ffce0,0x00000000c6480000)
 Metaspace       used 15100K, capacity 15734K, committed 15872K, reserved 1062912K
  class space    used 1776K, capacity 1961K, committed 2048K, reserved 1048576K
}
Event: 6.929 GC heap before
{Heap before GC invocations=22 (full 1):
 PSYoungGen      total 71680K, used 67744K [0x00000000eab00000, 0x00000000ef600000, 0x0000000100000000)
  eden space 66560K, 100% used [0x00000000eab00000,0x00000000eec00000,0x00000000eec00000)
  from space 5120K, 23% used [0x00000000ef100000,0x00000000ef228000,0x00000000ef600000)
  to   space 5120K, 0% used [0x00000000eec00000,0x00000000eec00000,0x00000000ef100000)
 ParOldGen       total 102912K, used 37887K [0x00000000c0000000, 0x00000000c6480000, 0x00000000eab00000)
  object space 102912K, 36% used [0x00000000c0000000,0x00000000c24ffce0,0x00000000c6480000)
 Metaspace       used 15101K, capacity 15734K, committed 15872K, reserved 1062912K
  class space    used 1776K, capacity 1961K, committed 2048K, reserved 1048576K
Event: 6.934 GC heap after
Heap after GC invocations=22 (full 1):
 PSYoungGen      total 71680K, used 2787K [0x00000000eab00000, 0x00000000ef600000, 0x0000000100000000)
  eden space 66560K, 0% used [0x00000000eab00000,0x00000000eab00000,0x00000000eec00000)
  from space 5120K, 54% used [0x00000000eec00000,0x00000000eeeb8e48,0x00000000ef100000)
  to   space 5120K, 0% used [0x00000000ef100000,0x00000000ef100000,0x00000000ef600000)
 ParOldGen       total 102912K, used 37887K [0x00000000c0000000, 0x00000000c6480000, 0x00000000eab00000)
  object space 102912K, 36% used [0x00000000c0000000,0x00000000c24ffce0,0x00000000c6480000)
 Metaspace       used 15101K, capacity 15734K, committed 15872K, reserved 1062912K
  class space    used 1776K, capacity 1961K, committed 2048K, reserved 1048576K
}
Event: 7.141 GC heap before
{Heap before GC invocations=23 (full 1):
 PSYoungGen      total 71680K, used 69347K [0x00000000eab00000, 0x00000000ef600000, 0x0000000100000000)
  eden space 66560K, 100% used [0x00000000eab00000,0x00000000eec00000,0x00000000eec00000)
  from space 5120K, 54% used [0x00000000eec00000,0x00000000eeeb8e48,0x00000000ef100000)
  to   space 5120K, 0% used [0x00000000ef100000,0x00000000ef100000,0x00000000ef600000)
 ParOldGen       total 102912K, used 37887K [0x00000000c0000000, 0x00000000c6480000, 0x00000000eab00000)
  object space 102912K, 36% used [0x00000000c0000000,0x00000000c24ffce0,0x00000000c6480000)
 Metaspace       used 15101K, capacity 15734K, committed 15872K, reserved 1062912K
  class space    used 1776K, capacity 1961K, committed 2048K, reserved 1048576K
Event: 7.148 GC heap after
Heap after GC invocations=23 (full 1):
 PSYoungGen      total 71680K, used 3776K [0x00000000eab00000, 0x00000000ef600000, 0x0000000100000000)
  eden space 66560K, 0% used [0x00000000eab00000,0x00000000eab00000,0x00000000eec00000)
  from space 5120K, 73% used [0x00000000ef100000,0x00000000ef4b0000,0x00000000ef600000)
  to   space 5120K, 0% used [0x00000000eec00000,0x00000000eec00000,0x00000000ef100000)
 ParOldGen       total 102912K, used 37887K [0x00000000c0000000, 0x00000000c6480000, 0x00000000eab00000)
  object space 102912K, 36% used [0x00000000c0000000,0x00000000c24ffce0,0x00000000c6480000)
 Metaspace       used 15101K, capacity 15734K, committed 15872K, reserved 1062912K
  class space    used 1776K, capacity 1961K, committed 2048K, reserved 1048576K
}
Event: 7.461 GC heap before
{Heap before GC invocations=24 (full 1):
 PSYoungGen      total 71680K, used 70336K [0x00000000eab00000, 0x00000000ef600000, 0x0000000100000000)
  eden space 66560K, 100% used [0x00000000eab00000,0x00000000eec00000,0x00000000eec00000)
  from space 5120K, 73% used [0x00000000ef100000,0x00000000ef4b0000,0x00000000ef600000)
  to   space 5120K, 0% used [0x00000000eec00000,0x00000000eec00000,0x00000000ef100000)
 ParOldGen       total 102912K, used 37887K [0x00000000c0000000, 0x00000000c6480000, 0x00000000eab00000)
  object space 102912K, 36% used [0x00000000c0000000,0x00000000c24ffce0,0x00000000c6480000)
 Metaspace       used 15101K, capacity 15734K, committed 15872K, reserved 1062912K
  class space    used 1776K, capacity 1961K, committed 2048K, reserved 1048576K
Event: 7.471 GC heap after
Heap after GC invocations=24 (full 1):
 PSYoungGen      total 71680K, used 5091K [0x00000000eab00000, 0x00000000f1580000, 0x0000000100000000)
  eden space 66560K, 0% used [0x00000000eab00000,0x00000000eab00000,0x00000000eec00000)
  from space 5120K, 99% used [0x00000000eec00000,0x00000000ef0f8e48,0x00000000ef100000)
  to   space 15872K, 0% used [0x00000000f0600000,0x00000000f0600000,0x00000000f1580000)
 ParOldGen       total 102912K, used 37919K [0x00000000c0000000, 0x00000000c6480000, 0x00000000eab00000)
  object space 102912K, 36% used [0x00000000c0000000,0x00000000c2507d40,0x00000000c6480000)
 Metaspace       used 15101K, capacity 15734K, committed 15872K, reserved 1062912K
  class space    used 1776K, capacity 1961K, committed 2048K, reserved 1048576K
}

