# JRE version: OpenJDK Runtime Environment (8.0) (build 1.8.0-25-microsoft-b00)
# Java VM: OpenJDK 64-Bit Server VM (25.71-b00 mixed mode windows-amd64 compressed oops)
Heap:
 PSYoungGen      total 71680K, used 15905K [0x00000000eab00000, 0x00000000ef600000, 0x0000000100000000)
  eden space 66560K, 22% used [0x00000000eab00000,0x00000000eb960750,0x00000000eec00000)
  from space 5120K, 23% used [0x00000000ef100000,0x00000000ef228000,0x00000000ef600000)
  to   space 5120K, 0% used [0x00000000eec00000,0x00000000eec00000,0x00000000ef100000)
 ParOldGen       total 87552K, used 39592K [0x00000000c0000000, 0x00000000c5580000, 0x00000000eab00000)
  object space 87552K, 45% used [0x00000000c0000000,0x00000000c26aa168,0x00000000c5580000)
 Metaspace       used 15126K, capacity 15742K, committed 15872K, reserved 1062912K
  class space    used 1780K, capacity 1961K, committed 2048K, reserved 1048576K
GC Heap History (10 events):
Event: 7.456 GC heap before
{Heap before GC invocations=21 (full 1):
 PSYoungGen      total 71680K, used 787K [0x00000000eab00000, 0x00000000ef600000, 0x0000000100000000)
  eden space 66560K, 0% used [0x00000000eab00000,0x00000000eab00000,0x00000000eec00000)
  from space 5120K, 15% used [0x00000000ef100000,0x00000000ef1c4e38,0x00000000ef600000)
  to   space 5120K, 0% used [0x00000000eec00000,0x00000000eec00000,0x00000000ef100000)
 ParOldGen       total 87552K, used 75897K [0x00000000c0000000, 0x00000000c5580000, 0x00000000eab00000)
  object space 87552K, 86% used [0x00000000c0000000,0x00000000c4a1e688,0x00000000c5580000)
 Metaspace       used 15133K, capacity 15764K, committed 15872K, reserved 1062912K
  class space    used 1783K, capacity 1966K, committed 2048K, reserved 1048576K
Event: 7.685 GC heap after
Heap after GC invocations=21 (full 1):
 PSYoungGen      total 71680K, used 0K [0x00000000eab00000, 0x00000000ef600000, 0x0000000100000000)
  eden space 66560K, 0% used [0x00000000eab00000,0x00000000eab00000,0x00000000eec00000)
  from space 5120K, 0% used [0x00000000ef100000,0x00000000ef100000,0x00000000ef600000)
  to   space 5120K, 0% used [0x00000000eec00000,0x00000000eec00000,0x00000000ef100000)
 ParOldGen       total 87552K, used 35740K [0x00000000c0000000, 0x00000000c5580000, 0x00000000eab00000)
  object space 87552K, 40% used [0x00000000c0000000,0x00000000c22e7130,0x00000000c5580000)
 Metaspace       used 15125K, capacity 15742K, committed 15872K, reserved 1062912K
  class space    used 1780K, capacity 1961K, committed 2048K, reserved 1048576K
}
Event: 7.930 GC heap before
{Heap before GC invocations=22 (full 1):
 PSYoungGen      total 71680K, used 66560K [0x00000000eab00000, 0x00000000ef600000, 0x0000000100000000)
  eden space 66560K, 100% used [0x00000000eab00000,0x00000000eec00000,0x00000000eec00000)
  from space 5120K, 0% used [0x00000000ef100000,0x00000000ef100000,0x00000000ef600000)
  to   space 5120K, 0% used [0x00000000eec00000,0x00000000eec00000,0x00000000ef100000)
 ParOldGen       total 87552K, used 35740K [0x00000000c0000000, 0x00000000c5580000, 0x00000000eab00000)
  object space 87552K, 40% used [0x00000000c0000000,0x00000000c22e7130,0x00000000c5580000)
 Metaspace       used 15125K, capacity 15742K, committed 15872K, reserved 1062912K
  class space    used 1780K, capacity 1961K, committed 2048K, reserved 1048576K
Event: 7.934 GC heap after
Heap after GC invocations=22 (full 1):
 PSYoungGen      total 71680K, used 1936K [0x00000000eab00000, 0x00000000ef600000, 0x0000000100000000)
  eden space 66560K, 0% used [0x00000000eab00000,0x00000000eab00000,0x00000000eec00000)
  from space 5120K, 37% used [0x00000000eec00000,0x00000000eede4010,0x00000000ef100000)
  to   space 5120K, 0% used [0x00000000ef100000,0x00000000ef100000,0x00000000ef600000)
 ParOldGen       total 87552K, used 35740K [0x00000000c0000000, 0x00000000c5580000, 0x00000000eab00000)
  object space 87552K, 40% used [0x00000000c0000000,0x00000000c22e7130,0x00000000c5580000)
 Metaspace       used 15125K, capacity 15742K, committed 15872K, reserved 1062912K
  class space    used 1780K, capacity 1961K, committed 2048K, reserved 1048576K
}
Event: 8.162 GC heap before
{Heap before GC invocations=23 (full 1):
 PSYoungGen      total 71680K, used 68496K [0x00000000eab00000, 0x00000000ef600000, 0x0000000100000000)
  eden space 66560K, 100% used [0x00000000eab00000,0x00000000eec00000,0x00000000eec00000)
  from space 5120K, 37% used [0x00000000eec00000,0x00000000eede4010,0x00000000ef100000)
  to   space 5120K, 0% used [0x00000000ef100000,0x00000000ef100000,0x00000000ef600000)
 ParOldGen       total 87552K, used 35740K [0x00000000c0000000, 0x00000000c5580000, 0x00000000eab00000)
  object space 87552K, 40% used [0x00000000c0000000,0x00000000c22e7130,0x00000000c5580000)
 Metaspace       used 15125K, capacity 15742K, committed 15872K, reserved 1062912K
  class space    used 1780K, capacity 1961K, committed 2048K, reserved 1048576K
Event: 8.176 GC heap after
Heap after GC invocations=23 (full 1):
 PSYoungGen      total 71680K, used 2992K [0x00000000eab00000, 0x00000000ef600000, 0x0000000100000000)
  eden space 66560K, 0% used [0x00000000eab00000,0x00000000eab00000,0x00000000eec00000)
  from space 5120K, 58% used [0x00000000ef100000,0x00000000ef3ec010,0x00000000ef600000)
  to   space 5120K, 0% used [0x00000000eec00000,0x00000000eec00000,0x00000000ef100000)
 ParOldGen       total 87552K, used 35740K [0x00000000c0000000, 0x00000000c5580000, 0x00000000eab00000)
  object space 87552K, 40% used [0x00000000c0000000,0x00000000c22e7130,0x00000000c5580000)
 Metaspace       used 15125K, capacity 15742K, committed 15872K, reserved 1062912K
  class space    used 1780K, capacity 1961K, committed 2048K, reserved 1048576K
}
Event: 8.436 GC heap before
{Heap before GC invocations=24 (full 1):
 PSYoungGen      total 71680K, used 69552K [0x00000000eab00000, 0x00000000ef600000, 0x0000000100000000)
  eden space 66560K, 100% used [0x00000000eab00000,0x00000000eec00000,0x00000000eec00000)
  from space 5120K, 58% used [0x00000000ef100000,0x00000000ef3ec010,0x00000000ef600000)
  to   space 5120K, 0% used [0x00000000eec00000,0x00000000eec00000,0x00000000ef100000)
 ParOldGen       total 87552K, used 35740K [0x00000000c0000000, 0x00000000c5580000, 0x00000000eab00000)
  object space 87552K, 40% used [0x00000000c0000000,0x00000000c22e7130,0x00000000c5580000)
 Metaspace       used 15126K, capacity 15742K, committed 15872K, reserved 1062912K
  class space    used 1780K, capacity 1961K, committed 2048K, reserved 1048576K
Event: 8.444 GC heap after
Heap after GC invocations=24 (full 1):
 PSYoungGen      total 71680K, used 1056K [0x00000000eab00000, 0x00000000ef600000, 0x0000000100000000)
  eden space 66560K, 0% used [0x00000000eab00000,0x00000000eab00000,0x00000000eec00000)
  from space 5120K, 20% used [0x00000000eec00000,0x00000000eed08000,0x00000000ef100000)
  to   space 5120K, 0% used [0x00000000ef100000,0x00000000ef100000,0x00000000ef600000)
 ParOldGen       total 87552K, used 38608K [0x00000000c0000000, 0x00000000c5580000, 0x00000000eab00000)
  object space 87552K, 44% used [0x00000000c0000000,0x00000000c25b4168,0x00000000c5580000)
 Metaspace       used 15126K, capacity 15742K, committed 15872K, reserved 1062912K
  class space    used 1780K, capacity 1961K, committed 2048K, reserved 1048576K
}
Event: 8.617 GC heap before
{Heap before GC invocations=25 (full 1):
 PSYoungGen      total 71680K, used 67616K [0x00000000eab00000, 0x00000000ef600000, 0x0000000100000000)
  eden space 66560K, 100% used [0x00000000eab00000,0x00000000eec00000,0x00000000eec00000)
  from space 5120K, 20% used [0x00000000eec00000,0x00000000eed08000,0x00000000ef100000)
  to   space 5120K, 0% used [0x00000000ef100000,0x00000000ef100000,0x00000000ef600000)
 ParOldGen       total 87552K, used 38608K [0x00000000c0000000, 0x00000000c5580000, 0x00000000eab00000)
  object space 87552K, 44% used [0x00000000c0000000,0x00000000c25b4168,0x00000000c5580000)
 Metaspace       used 15126K, capacity 15742K, committed 15872K, reserved 1062912K
  class space    used 1780K, capacity 1961K, committed 2048K, reserved 1048576K
Event: 8.622 GC heap after
Heap after GC invocations=25 (full 1):
 PSYoungGen      total 71680K, used 1184K [0x00000000eab00000, 0x00000000ef600000, 0x0000000100000000)
  eden space 66560K, 0% used [0x00000000eab00000,0x00000000eab00000,0x00000000eec00000)
  from space 5120K, 23% used [0x00000000ef100000,0x00000000ef228000,0x00000000ef600000)
  to   space 5120K, 0% used [0x00000000eec00000,0x00000000eec00000,0x00000000ef100000)
 ParOldGen       total 87552K, used 39592K [0x00000000c0000000, 0x00000000c5580000, 0x00000000eab00000)
  object space 87552K, 45% used [0x00000000c0000000,0x00000000c26aa168,0x00000000c5580000)
 Metaspace       used 15126K, capacity 15742K, committed 15872K, reserved 1062912K
  class space    used 1780K, capacity 1961K, committed 2048K, reserved 1048576K
}

